<?xml version="1.0" encoding="UTF-8"?>
<beans xmlns="http://www.springframework.org/schema/beans"
       xmlns:xsi="http://www.w3.org/2001/XMLSchema-instance"
       xmlns:context="http://www.springframework.org/schema/context"
       xmlns:mvc="http://www.springframework.org/schema/mvc"
       xsi:schemaLocation="http://www.springframework.org/schema/beans http://www.springframework.org/schema/beans/spring-beans.xsd http://www.springframework.org/schema/context http://www.springframework.org/schema/context/spring-context.xsd http://www.springframework.org/schema/mvc http://www.springframework.org/schema/mvc/spring-mvc.xsd">
<context:component-scan base-package="com.andy"/>
    <mvc:annotation-driven/>
    <bean id="dataSource" class="org.apache.commons.dbcp.BasicDataSource">
        <property name="driverClassName" value="com.mysql.jdbc.Driver"/>
        <property name="url" value="jdbc:mysql://localhost:3306/testmaven4"/>
        <property name="username" value="root"/>
        <property name="password" value=""/>
    </bean>
    <bean id="sessionFactory" class="org.springframework.orm.hibernate5.LocalSessionFactoryBean">
        <property name="dataSource" ref="dataSource"/>
        <property name="annotatedClasses">
            <list>
                <value>com.andy.model.Manager</value>
                <value>com.andy.model.Developer</value>
                <value>com.andy.model.Project</value>
                <value>com.andy.model.Task</value>
            </list>
        </property>
        <property name="hibernateProperties">
            <props>
                <prop key="dialect">org.hibernate.dialect.HSQLDialect</prop>
            </props>
        </property>
    </bean>
    <bean id="managerDAO" class="com.andy.dao.ManagerDAOImpl">
        <property name="sessionFactory" ref="sessionFactory"/>
    </bean>
    <bean id="developerDAO" class="com.andy.dao.DeveloperDAOImpl">
        <property name="sessionFactory" ref="sessionFactory"/>
    </bean>
    <bean id="projectDAO" class="com.andy.dao.ProjectDAOImpl">
        <property name="sessionFactory" ref="sessionFactory"/>
    </bean>
    <bean id="taskDAO" class="com.andy.dao.TaskDAOImpl">
        <property name="sessionFactory" ref="sessionFactory"/>
    </bean>

</beans>